running
listening on *:3389
A user connected, Socket is lKRjDSIcInosL1l7AAAA
running
A user connected, Socket is P859XmM7IwqcsFtyAAAB
User disconnected, Socket is P859XmM7IwqcsFtyAAAB
A user connected, Socket is pfFLRWf-674VWyX-AAAC
User disconnected, Socket is pfFLRWf-674VWyX-AAAC
A user connected, Socket is JVZu34Du-MIKgaVmAAAD
User disconnected, Socket is JVZu34Du-MIKgaVmAAAD
A user connected, Socket is 1W_g73H89HokuIkjAAAE
A user connected, Socket is vvwWlVGcQsfIhlqFAAAF
User disconnected, Socket is vvwWlVGcQsfIhlqFAAAF
A user connected, Socket is 9G29JNcuaM7p0cVIAAAG
A user connected, Socket is 2VAMAKOwUochNggqAAAH
User disconnected, Socket is 2VAMAKOwUochNggqAAAH
User disconnected, Socket is 9G29JNcuaM7p0cVIAAAG
A user connected, Socket is znoGLocEA0QxIeLLAAAI
running
A user connected, Socket is TJEkOxCdX-LIlc5SAAAJ
User disconnected, Socket is znoGLocEA0QxIeLLAAAI
User disconnected, Socket is TJEkOxCdX-LIlc5SAAAJ
A user connected, Socket is W--mnkJp9EDgv-_OAAAK
User disconnected, Socket is W--mnkJp9EDgv-_OAAAK
running
A user connected, Socket is aseV2CVQJJUJwTfIAAAL
User disconnected, Socket is aseV2CVQJJUJwTfIAAAL
A user connected, Socket is CyRToes4qzIz1MPDAAAM
User disconnected, Socket is CyRToes4qzIz1MPDAAAM
A user connected, Socket is PH7QCMFdMB2kwUKhAAAN
running
User disconnected, Socket is PH7QCMFdMB2kwUKhAAAN
A user connected, Socket is exK7Z0ekz1GQg4N6AAAO
User disconnected, Socket is exK7Z0ekz1GQg4N6AAAO
A user connected, Socket is ubI9UlZDeljq3m4DAAAP
User disconnected, Socket is ubI9UlZDeljq3m4DAAAP
running
A user connected, Socket is sV-S-V6Jk9iATNGHAAAQ
User disconnected, Socket is sV-S-V6Jk9iATNGHAAAQ
A user connected, Socket is dyt8Btj_a4eBf3h8AAAR
User disconnected, Socket is dyt8Btj_a4eBf3h8AAAR
A user connected, Socket is sNTUdpQGTJgvdp4lAAAS
User disconnected, Socket is sNTUdpQGTJgvdp4lAAAS
A user connected, Socket is D3TT2bREsf33Kd7qAAAT
running
User disconnected, Socket is D3TT2bREsf33Kd7qAAAT
A user connected, Socket is 44LKA0G-O2UNJ6FfAAAU
User disconnected, Socket is 44LKA0G-O2UNJ6FfAAAU
running
A user connected, Socket is SRGlqxdtG-N7YZh8AAAV
User disconnected, Socket is SRGlqxdtG-N7YZh8AAAV
A user connected, Socket is t_sDvH6Azh9Npfo9AAAW
running
User disconnected, Socket is t_sDvH6Azh9Npfo9AAAW
A user connected, Socket is K-0dNSzCUH-hW7V9AAAX
A user connected, Socket is Y4vC1_8jLB6T4JeNAAAY
A user connected, Socket is hSPaU_Bl1sw8r1UbAAAZ
User disconnected, Socket is hSPaU_Bl1sw8r1UbAAAZ
User disconnected, Socket is Y4vC1_8jLB6T4JeNAAAY
A user connected, Socket is RSC6rcxlQ6qYi24xAAAa
User disconnected, Socket is RSC6rcxlQ6qYi24xAAAa
User disconnected, Socket is K-0dNSzCUH-hW7V9AAAX
A user connected, Socket is Q0e7GDveZllIRfspAAAb
A user connected, Socket is FfHx2dGYn9EGROTWAAAc
A user connected, Socket is LfMbz4xjg3qvwLjHAAAd
A user connected, Socket is luDjxR3afaOcjwZlAAAe
User disconnected, Socket is luDjxR3afaOcjwZlAAAe
User disconnected, Socket is LfMbz4xjg3qvwLjHAAAd
A user connected, Socket is YJOEoZjTbgA6SZwLAAAf
User disconnected, Socket is YJOEoZjTbgA6SZwLAAAf
User disconnected, Socket is FfHx2dGYn9EGROTWAAAc
User disconnected, Socket is Q0e7GDveZllIRfspAAAb
User disconnected, Socket is lKRjDSIcInosL1l7AAAA
running
running
User disconnected, Socket is 1W_g73H89HokuIkjAAAE
A user connected, Socket is yqwXMEPBOpDGN5UQAAAg
running
listening on *:3389
A user connected, Time is Tue Feb 25 2020 23:46:28 GMT+0800 (CST), Socket is -guEo55apPqM8J8eAAAA
A user connected, Time is Tue Feb 25 2020 23:46:29 GMT+0800 (CST), Socket is ZSPwgny4YqkJnxX5AAAB
A user connected, Time is Tue Feb 25 2020 23:46:38 GMT+0800 (CST), Socket is ixJvd8xOuFTeHd_aAAAC
User disconnected, Socket is -guEo55apPqM8J8eAAAA
A user connected, Time is Tue Feb 25 2020 23:46:39 GMT+0800 (CST), Socket is aD8hx661wEvISSomAAAD
User disconnected, Socket is ZSPwgny4YqkJnxX5AAAB
running
User disconnected, Socket is ixJvd8xOuFTeHd_aAAAC
A user connected, Time is Tue Feb 25 2020 23:49:55 GMT+0800 (CST), Socket is AZm7pgjD7FHZx_ZnAAAE
running
User disconnected, Socket is AZm7pgjD7FHZx_ZnAAAE
running
running
running
running
User disconnected, Socket is aD8hx661wEvISSomAAAD
running
running
running
running
running
A user connected, Time is Wed Feb 26 2020 00:09:32 GMT+0800 (CST), Socket is z-m8tlRS00XQ6VErAAAF
running
running
running
running
running
running
running
running
User disconnected, Socket is z-m8tlRS00XQ6VErAAAF
running
running
A user connected, Time is Wed Feb 26 2020 00:30:03 GMT+0800 (CST), Socket is 74bIvaYOx_bQLw-VAAAG
User disconnected, Socket is 74bIvaYOx_bQLw-VAAAG
running
running
running
running
running
running
running
running
A user connected, Time is Wed Feb 26 2020 00:48:45 GMT+0800 (CST), Socket is opGlAEaEo0KKG7TVAAAH
running
User disconnected, Socket is opGlAEaEo0KKG7TVAAAH
A user connected, Time is Wed Feb 26 2020 00:49:13 GMT+0800 (CST), Socket is bPA-rlXEotuAdeJ3AAAI
User disconnected, Socket is bPA-rlXEotuAdeJ3AAAI
A user connected, Time is Wed Feb 26 2020 00:49:15 GMT+0800 (CST), Socket is Zx54sMFBEzGC7wkaAAAJ
User disconnected, Socket is Zx54sMFBEzGC7wkaAAAJ
A user connected, Time is Wed Feb 26 2020 00:50:37 GMT+0800 (CST), Socket is ZVF40ABJdX7YrwbLAAAK
running
User disconnected, Socket is ZVF40ABJdX7YrwbLAAAK
running
running
running
running
running
running
running
running
running
running
running
running
running
running
running
running
running
running
running
running
running
running
running
running
running
running
running
running
running
running
running
running
running
running
A user connected, Time is Wed Feb 26 2020 02:02:30 GMT+0800 (CST), Socket is YroMFSLkraHVYJ4VAAAL
User disconnected, Socket is YroMFSLkraHVYJ4VAAAL
A user connected, Time is Wed Feb 26 2020 02:02:35 GMT+0800 (CST), Socket is KP66TaVxhzx6abzfAAAM
User disconnected, Socket is KP66TaVxhzx6abzfAAAM
running
running
running
running
running
running
running
running
running
running
running
running
running
running
running
running
running
running
running
running
running
running
running
running
running
running
running
running
running
running
running
running
running
A user connected, Time is Wed Feb 26 2020 03:11:49 GMT+0800 (CST), Socket is xc6T-Ct87RE3At_TAAAN
User disconnected, Socket is xc6T-Ct87RE3At_TAAAN
running
running
running
A user connected, Time is Wed Feb 26 2020 03:16:54 GMT+0800 (CST), Socket is xAnxcZ1nrYIA6QwaAAAO
User disconnected, Socket is xAnxcZ1nrYIA6QwaAAAO
A user connected, Time is Wed Feb 26 2020 03:17:58 GMT+0800 (CST), Socket is QVWHixgLBuRK2rhhAAAP
User disconnected, Socket is QVWHixgLBuRK2rhhAAAP
running
running
running
running
running
running
running
running
running
running
running
running
running
running
running
running
running
running
running
running
running
running
running
running
running
running
running
running
running
running
running
running
running
running
running
running
running
running
running
running
running
running
running
running
running
running
running
running
running
running
running
running
running
running
running
running
running
running
running
running
running
running
A user connected, Time is Wed Feb 26 2020 05:26:18 GMT+0800 (CST), Socket is 0f1Jw2LUUdQKzgWaAAAQ
User disconnected, Socket is 0f1Jw2LUUdQKzgWaAAAQ
running
running
running
running
running
running
running
running
running
running
running
running
running
running
running
running
running
running
running
running
running
running
running
running
running
running
running
running
running
running
running
running
running
running
running
running
running
running
running
running
running
running
running
running
running
running
running
running
running
running
running
running
running
running
running
running
running
running
running
running
running
running
running
running
running
running
running
running
running
running
running
running
running
running
running
running
running
running
running
running
running
running
running
running
running
running
running
running
running
running
running
running
running
running
running
running
running
running
running
running
running
running
running
running
running
running
running
running
running
running
running
running
running
running
running
running
running
running
running
running
running
running
running
running
running
running
running
running
running
running
running
running
running
running
running
running
running
running
running
running
running
running
running
running
running
running
running
running
running
running
running
running
running
running
running
running
running
running
running
running
running
running
running
running
running
running
running
running
running
running
running
running
running
running
running
running
running
running
running
running
running
running
running
running
running
running
running
running
running
running
running
running
running
running
running
running
running
running
running
running
running
running
running
running
running
running
running
running
running
running
running
A user connected, Time is Wed Feb 26 2020 12:47:31 GMT+0800 (CST), Socket is 6ZgB4l83jNbMOmJiAAAR
running
User disconnected, Socket is 6ZgB4l83jNbMOmJiAAAR
running
running
running
running
running
running
running
running
running
running
running
running
running
running
running
running
running
running
running
running
running
running
running
running
running
running
running
running
running
running
running
running
running
running
running
running
running
running
running
running
running
running
running
running
running
running
running
running
running
running
running
running
running
running
running
running
running
running
running
running
running
running
running
running
running
running
running
running
running
running
running
running
running
running
running
running
running
running
running
running
running
running
running
running
running
running
running
running
running
running
running
running
running
running
running
running
running
running
running
running
running
running
running
running
running
running
running
running
running
running
running
running
running
running
running
running
running
running
running
running
running
running
running
running
running
running
running
running
running
running
running
running
running
running
running
running
running
running
running
running
running
running
running
running
running
running
running
running
running
running
running
running
running
running
running
running
running
running
running
running
running
running
running
running
running
running
running
running
running
running
running
running
running
running
running
running
running
running
running
running
running
running
running
running
running
running
running
running
running
running
running
running
running
running
running
running
running
running
running
running
running
running
running
running
running
running
running
running
running
running
running
running
running
running
running
running
running
running
running
running
running
running
running
running
running
running
running
running
running
running
running
running
running
running
running
running
running
running
running
running
running
running
running
running
running
running
running
running
running
running
running
running
running
running
running
running
running
running
running
running
running
running
running
running
running
running
running
running
running
running
running
running
running
running
running
running
running
running
running
running
running
running
running
running
running
running
running
running
running
running
running
running
running
running
running
running
running
running
running
running
running
running
running
running
running
running
running
running
running
running
running
running
running
running
running
running
running
running
running
running
running
running
running
running
running
running
running
running
running
running
running
running
running
running
running
running
running
running
running
running
running
running
running
running
running
running
running
running
running
running
running
running
running
running
running
running
running
running
running
running
running
running
running
running
running
running
running
running
running
running
running
running
running
running
running
running
running
running
running
running
running
running
running
running
running
running
running
running
running
running
running
running
running
running
running
running
running
running
running
running
running
running
running
running
running
running
running
running
running
running
running
running
running
running
running
running
running
running
running
running
running
running
running
running
running
running
running
running
running
running
running
running
running
running
running
running
running
running
running
running
running
running
running
running
running
running
running
running
running
running
running
running
running
running
running
running
running
running
running
running
running
running
running
running
running
running
running
running
running
running
running
running
running
running
running
running
running
running
running
running
running
running
running
running
running
running
running
running
running
running
running
running
running
running
running
running
running
running
running
running
running
running
running
running
running
running
running
running
running
running
running
running
running
running
running
running
running
running
running
running
running
running
running
running
running
running
running
running
running
running
running
running
running
running
running
running
running
running
running
running
running
running
running
running
running
running
running
running
running
running
running
running
running
running
running
running
running
running
running
running
running
running
running
running
running
running
running
running
running
running
running
running
running
running
running
running
running
running
running
running
running
running
running
running
running
running
running
running
running
running
running
running
running
running
running
running
running
running
running
running
running
running
running
running
running
running
running
running
running
running
running
running
running
running
running
running
running
running
running
running
running
running
running
running
running
running
running
running
running
running
running
running
running
running
running
running
running
running
running
running
running
running
running
running
running
running
running
running
running
running
running
running
running
running
running
running
running
running
running
running
running
running
running
running
running
running
running
running
running
running
running
running
running
running
running
running
running
running
running
running
running
running
running
running
running
running
running
running
running
running
running
running
running
running
running
running
running
running
running
running
running
running
running
running
running
running
running
running
running
running
running
running
running
running
running
running
running
running
running
running
running
running
running
A user connected, Time is Thu Feb 27 2020 13:54:33 GMT+0800 (CST), Socket is Jk_OoKsJulQd5vvpAAAS
User disconnected, Socket is Jk_OoKsJulQd5vvpAAAS
running
running
running
running
running
running
running
running
running
running
running
running
running
running
running
running
running
running
running
running
running
running
running
running
running
running
running
running
running
running
running
running
running
running
running
running
running
running
running
running
running
running
running
running
running
running
running
running
running
running
running
running
running
running
running
running
running
running
running
running
running
running
running
running
running
running
running
running
running
running
running
running
running
running
running
running
running
running
running
running
running
running
running
running
running
running
running
running
running
running
running
running
running
running
running
running
running
running
running
running
running
running
running
running
running
running
running
running
running
running
running
running
running
running
running
running
running
running
running
running
running
running
running
running
running
running
running
running
running
running
running
running
running
running
running
running
running
running
running
running
running
running
running
running
running
running
running
running
running
running
running
running
running
running
running
running
running
running
running
running
running
running
running
running
running
running
running
running
running
running
running
running
running
running
running
running
running
running
running
running
running
running
running
running
running
running
running
running
running
running
running
running
running
running
running
running
running
running
running
running
running
running
running
running
A user connected, Time is Thu Feb 27 2020 20:59:29 GMT+0800 (CST), Socket is d-NW1J43PME_0fuBAAAT
User disconnected, Socket is d-NW1J43PME_0fuBAAAT
running
running
running
running
running
running
running
running
running
running
running
running
running
running
running
running
running
running
running
running
running
A user connected, Time is Thu Feb 27 2020 21:43:17 GMT+0800 (CST), Socket is o_JQ7kWjS8dUGbmRAAAU
User disconnected, Socket is o_JQ7kWjS8dUGbmRAAAU
running
running
running
running
running
running
running
running
running
running
running
running
running
running
running
running
running
running
running
running
running
running
running
running
running
running
running
running
running
running
running
running
running
running
running
running
running
running
running
running
running
running
running
running
running
running
running
running
running
running
running
running
running
running
running
running
A user connected, Time is Thu Feb 27 2020 23:39:42 GMT+0800 (CST), Socket is _NlAPuvCQh82EAv5AAAV
User disconnected, Socket is _NlAPuvCQh82EAv5AAAV
running
running
running
running
running
running
running
running
running
running
running
running
running
running
running
running
running
running
running
running
running
running
running
running
running
running
running
running
running
running
running
running
running
running
running
running
running
running
running
running
running
running
running
running
running
running
running
running
running
running
running
running
running
running
running
running
running
running
running
A user connected, Time is Fri Feb 28 2020 01:44:14 GMT+0800 (CST), Socket is D2etK1o-3Sq6mbRMAAAW
running
User disconnected, Socket is D2etK1o-3Sq6mbRMAAAW
running
running
running
running
running
running
running
running
running
running
running
running
running
running
running
running
running
running
running
running
running
running
running
running
running
running
running
running
running
running
running
running
running
running
running
running
running
running
running
running
running
running
running
running
running
running
running
running
running
running
running
running
running
running
running
running
running
running
running
running
running
running
running
running
running
running
running
running
running
running
running
running
running
running
running
running
running
running
running
running
running
running
running
running
running
running
running
running
running
running
running
running
running
running
running
running
running
running
running
running
running
running
running
running
running
running
running
running
running
running
running
running
running
running
running
running
running
running
running
running
running
running
running
running
running
running
running
running
running
running
running
running
running
running
running
running
running
running
running
running
running
running
running
running
running
running
running
running
running
running
running
running
running
running
running
running
running
running
running
running
running
running
running
running
running
running
running
running
running
running
running
running
running
running
running
running
running
running
running
running
running
running
running
running
running
running
running
running
running
running
running
running
running
running
running
running
running
running
running
running
running
running
running
running
running
running
running
running
running
running
running
running
running
running
running
running
running
running
running
running
running
running
running
running
running
running
running
running
running
running
running
running
running
running
running
running
running
running
running
running
running
running
running
running
running
running
running
running
running
running
running
running
running
running
running
running
running
running
running
running
running
running
running
running
running
running
running
running
running
running
running
running
running
running
running
running
A user connected, Time is Fri Feb 28 2020 11:20:03 GMT+0800 (CST), Socket is I-VmMuwbD6m_sA1yAAAX
User disconnected, Socket is I-VmMuwbD6m_sA1yAAAX
A user connected, Time is Fri Feb 28 2020 11:20:20 GMT+0800 (CST), Socket is VTGbIQxQzzBbViH8AAAY
User disconnected, Socket is VTGbIQxQzzBbViH8AAAY
A user connected, Time is Fri Feb 28 2020 11:20:22 GMT+0800 (CST), Socket is DIfCkozeDiyLimUuAAAZ
User disconnected, Socket is DIfCkozeDiyLimUuAAAZ
A user connected, Time is Fri Feb 28 2020 11:20:23 GMT+0800 (CST), Socket is qidtoz4aC8myTCF_AAAa
User disconnected, Socket is qidtoz4aC8myTCF_AAAa
running
running
running
running
running
running
running
running
running
running
running
running
running
running
running
running
running
running
running
running
running
running
running
running
running
running
running
running
running
running
running
running
running
running
running
running
running
running
running
running
running
running
running
running
running
running
running
running
running
running
running
running
running
running
running
running
running
running
running
running
running
running
running
running
running
running
running
running
running
running
running
running
running
running
running
running
running
running
running
running
running
running
running
running
running
running
running
running
running
running
running
running
running
running
running
running
running
running
running
running
running
running
running
running
running
running
running
running
running
running
running
running
running
running
running
running
running
running
running
running
running
running
running
running
running
running
running
running
running
running
running
running
running
running
running
running
running
running
running
running
running
running
running
running
running
running
running
running
running
running
running
running
running
running
running
running
running
running
running
running
running
running
running
running
running
running
running
running
running
running
running
running
running
running
running
running
running
running
running
running
running
running
running
running
running
running
running
running
running
running
running
running
running
running
running
running
running
running
running
running
running
running
running
running
running
running
running
running
running
running
running
running
running
running
running
running
running
running
running
running
running
running
running
running
running
running
running
running
running
running
running
running
A user connected, Time is Fri Feb 28 2020 19:23:09 GMT+0800 (CST), Socket is smPheoPYuCBFfqNAAAAb
User disconnected, Socket is smPheoPYuCBFfqNAAAAb
running
running
running
running
running
running
running
running
running
running
running
running
running
running
running
running
running
running
running
running
running
running
running
running
running
running
running
running
running
running
running
running
running
running
running
running
running
running
running
running
running
running
running
running
running
running
running
running
running
running
running
running
running
running
running
running
running
running
running
running
running
running
running
running
running
running
running
running
running
running
running
running
running
running
running
running
running
running
running
running
running
running
running
running
running
running
running
running
running
running
running
running
running
running
running
running
running
running
running
running
running
running
running
running
running
running
running
running
running
running
running
running
running
running
running
running
running
running
running
running
running
running
running
running
running
running
running
running
running
running
running
running
running
running
running
running
running
running
running
running
running
running
running
running
running
running
running
running
running
running
running
running
running
running
running
running
running
running
running
running
running
running
running
running
running
running
running
running
running
running
running
running
running
running
running
running
running
running
running
running
running
running
running
running
running
running
running
running
running
running
running
running
running
running
running
running
running
running
running
running
running
running
running
running
running
running
running
running
running
running
running
running
running
running
running
running
running
running
running
running
running
running
running
running
running
running
running
running
running
running
running
running
running
running
running
running
running
running
running
running
running
running
running
running
running
running
running
running
running
running
running
running
running
running
running
running
running
running
running
running
running
running
running
running
running
running
running
running
running
running
running
running
running
running
running
running
running
running
running
running
running
running
running
running
running
running
running
running
running
running
running
running
running
running
running
running
running
running
running
running
running
running
running
running
running
running
running
running
running
running
running
running
running
running
running
running
running
running
running
running
running
running
running
running
running
running
running
running
running
running
running
running
running
running
running
running
running
running
running
running
running
running
running
running
running
running
running
running
running
running
running
running
running
running
running
running
running
running
running
running
running
running
running
running
running
running
running
running
running
running
running
running
running
running
running
running
running
running
running
running
running
running
running
running
running
running
running
running
running
running
running
running
running
running
running
running
running
running
running
running
running
running
running
running
running
running
running
running
running
running
running
running
running
running
running
running
running
running
running
running
running
running
running
running
running
running
running
running
running
running
running
running
running
running
running
running
running
running
running
running
running
running
running
running
running
running
running
running
running
running
running
running
running
running
running
running
running
running
running
running
running
running
running
running
running
running
running
running
running
running
running
running
running
running
running
running
running
running
running
running
running
running
running
running
running
running
running
running
running
running
running
running
running
running
running
running
running
running
running
running
running
running
running
running
running
running
running
running
running
running
running
running
running
running
running
running
running
running
running
running
running
running
running
running
running
running
running
running
running
running
running
running
running
running
running
running
running
running
running
running
running
running
running
running
running
running
running
running
running
running
running
running
running
running
running
running
running
running
running
running
running
running
running
running
running
running
running
running
running
running
running
running
running
running
running
running
A user connected, Time is Sat Feb 29 2020 15:23:36 GMT+0800 (CST), Socket is lHQ29XYz9srgNrHtAAAc
running
running
running
running
running
running
A user connected, Time is Sat Feb 29 2020 15:36:48 GMT+0800 (CST), Socket is Pzwz1Fwr6K7o8WlXAAAd
User disconnected, Socket is lHQ29XYz9srgNrHtAAAc
running
A user connected, Time is Sat Feb 29 2020 15:37:56 GMT+0800 (CST), Socket is umS2i791yNwCne0HAAAe
User disconnected, Socket is Pzwz1Fwr6K7o8WlXAAAd
running
running
running
running
running
running
running
running
A user connected, Time is Sat Feb 29 2020 15:55:14 GMT+0800 (CST), Socket is GQO8cq2HVPm5nax7AAAf
User disconnected, Socket is GQO8cq2HVPm5nax7AAAf
running
running
running
running
A user connected, Time is Sat Feb 29 2020 16:02:49 GMT+0800 (CST), Socket is 3pANKG1YAZCVQG_TAAAg
A user connected, Time is Sat Feb 29 2020 16:02:57 GMT+0800 (CST), Socket is ul7ERVwMbvRaOqTBAAAh
A user connected, Time is Sat Feb 29 2020 16:02:58 GMT+0800 (CST), Socket is 30OJezc-xrM1z8RTAAAi
A user connected, Time is Sat Feb 29 2020 16:03:03 GMT+0800 (CST), Socket is ARggbjyNUB8rFG-nAAAj
A user connected, Time is Sat Feb 29 2020 16:03:04 GMT+0800 (CST), Socket is f_ym57iuG2rK0JDiAAAk
A user connected, Time is Sat Feb 29 2020 16:03:14 GMT+0800 (CST), Socket is 5_H0qO_jttNIXq5rAAAl
A user connected, Time is Sat Feb 29 2020 16:03:16 GMT+0800 (CST), Socket is hFSQ5aTFVP9wA3VfAAAm
A user connected, Time is Sat Feb 29 2020 16:03:28 GMT+0800 (CST), Socket is tNltiYe-Hbgej4zIAAAn
A user connected, Time is Sat Feb 29 2020 16:03:35 GMT+0800 (CST), Socket is 5klLx_MBX_cwTc7VAAAo
A user connected, Time is Sat Feb 29 2020 16:03:36 GMT+0800 (CST), Socket is x20FVXI3GKphAI8CAAAp
User disconnected, Socket is hFSQ5aTFVP9wA3VfAAAm
User disconnected, Socket is tNltiYe-Hbgej4zIAAAn
User disconnected, Socket is x20FVXI3GKphAI8CAAAp
User disconnected, Socket is 5klLx_MBX_cwTc7VAAAo
User disconnected, Socket is 5_H0qO_jttNIXq5rAAAl
User disconnected, Socket is ARggbjyNUB8rFG-nAAAj
User disconnected, Socket is f_ym57iuG2rK0JDiAAAk
User disconnected, Socket is 30OJezc-xrM1z8RTAAAi
User disconnected, Socket is ul7ERVwMbvRaOqTBAAAh
User disconnected, Socket is 3pANKG1YAZCVQG_TAAAg
running
A user connected, Time is Sat Feb 29 2020 16:04:51 GMT+0800 (CST), Socket is pi96SmQUkXcWskZIAAAq
A user connected, Time is Sat Feb 29 2020 16:04:52 GMT+0800 (CST), Socket is uPjJlxffqwCPOTcqAAAr
A user connected, Time is Sat Feb 29 2020 16:05:00 GMT+0800 (CST), Socket is IopHeST9nViFsbhhAAAs
A user connected, Time is Sat Feb 29 2020 16:05:01 GMT+0800 (CST), Socket is NgqfcStKyyo0RgzUAAAt
A user connected, Time is Sat Feb 29 2020 16:05:02 GMT+0800 (CST), Socket is t64LjwEus8h3EpH3AAAu
User disconnected, Socket is pi96SmQUkXcWskZIAAAq
User disconnected, Socket is uPjJlxffqwCPOTcqAAAr
User disconnected, Socket is t64LjwEus8h3EpH3AAAu
User disconnected, Socket is NgqfcStKyyo0RgzUAAAt
User disconnected, Socket is IopHeST9nViFsbhhAAAs
running
running
running
running
User disconnected, Socket is umS2i791yNwCne0HAAAe
A user connected, Time is Sat Feb 29 2020 16:12:41 GMT+0800 (CST), Socket is XOF9zS7XXHRAF3D5AAAv
running
running
running
running
running
User disconnected, Socket is XOF9zS7XXHRAF3D5AAAv
running
running
running
running
running
running
running
running
running
running
running
running
running
running
running
running
running
running
running
running
running
running
running
running
running
running
running
running
running
running
running
running
running
running
running
running
running
running
running
running
running
running
running
running
running
running
running
running
running
running
running
running
running
running
running
running
running
running
running
running
running
running
running
running
running
running
running
running
running
running
running
running
running
running
running
running
running
running
running
running
running
running
running
running
running
running
running
running
running
running
running
running
running
running
running
running
running
running
running
running
running
running
running
running
running
running
running
running
running
running
running
running
running
running
running
running
running
running
running
running
running
running
running
running
running
running
running
running
running
running
running
running
running
running
running
running
running
running
running
running
running
running
running
running
running
running
running
running
running
running
running
running
running
running
running
running
running
running
running
running
running
running
running
running
running
running
running
running
running
running
running
running
running
running
running
running
running
running
running
running
running
running
running
running
running
running
running
running
running
running
A user connected, Time is Sat Feb 29 2020 22:59:47 GMT+0800 (CST), Socket is TJO1atO-m-MHsg4nAAAw
User disconnected, Socket is TJO1atO-m-MHsg4nAAAw
A user connected, Time is Sat Feb 29 2020 23:00:45 GMT+0800 (CST), Socket is h2bxkcrgxNgnQwj3AAAx
running
running
User disconnected, Socket is h2bxkcrgxNgnQwj3AAAx
running
running
running
running
running
running
running
running
running
running
running
running
running
running
running
running
running
running
running
running
running
running
running
running
running
running
running
running
running
running
running
running
running
running
running
running
running
running
running
running
running
running
running
running
running
running
running
running
running
running
running
running
running
running
running
running
running
running
running
running
running
running
running
running
running
running
A user connected, Time is Sun Mar 01 2020 01:20:54 GMT+0800 (CST), Socket is Z6rPZy2SQtye97UpAAAy
User disconnected, Socket is Z6rPZy2SQtye97UpAAAy
running
running
running
running
running
running
running
running
running
running
running
running
running
running
running
running
running
running
running
running
running
running
running
running
running
running
running
running
running
running
running
running
running
running
running
running
running
running
running
running
running
running
running
running
running
running
running
running
running
running
running
running
running
running
running
running
running
running
running
running
running
running
running
running
running
running
running
running
running
running
running
running
running
running
running
running
running
running
running
running
running
running
running
running
running
running
running
running
running
running
running
running
running
running
running
running
running
running
running
running
running
running
running
running
running
running
running
running
running
running
running
running
running
running
running
running
running
running
running
running
running
running
running
running
running
running
running
running
running
running
running
running
running
running
running
running
running
running
running
running
running
running
running
running
running
running
running
running
running
running
running
running
running
running
running
running
running
running
running
running
running
running
running
running
running
running
running
running
running
running
running
running
running
running
running
running
running
running
running
running
running
running
running
running
running
running
running
running
running
running
running
running
running
running
running
running
running
running
running
running
running
running
running
running
running
running
running
running
running
running
running
running
running
running
running
running
running
running
running
running
running
running
running
running
running
running
running
running
running
running
running
running
running
running
running
running
running
running
running
running
running
running
running
running
running
running
running
running
running
running
running
running
running
running
running
running
running
running
running
running
running
running
running
running
running
running
running
running
running
running
running
running
running
running
running
running
running
running
running
running
running
running
running
running
running
running
running
running
running
running
running
running
running
running
running
running
running
running
running
running
running
running
running
running
running
running
running
running
running
running
running
running
running
running
running
running
running
running
running
running
running
running
running
running
running
running
running
running
running
running
running
running
running
running
running
running
running
running
running
running
running
running
running
running
running
running
running
running
running
running
running
running
running
running
running
running
running
running
running
running
running
running
running
running
running
running
running
running
running
running
running
running
running
running
running
running
running
running
running
running
running
running
running
running
running
running
running
running
running
running
running
running
running
running
running
running
running
running
running
running
running
running
running
running
running
running
running
running
running
running
running
running
running
running
running
running
running
running
running
running
running
running
running
running
running
running
running
running
running
running
running
running
running
running
running
running
running
running
running
running
running
running
running
running
running
running
running
running
running
running
running
running
running
running
running
running
running
running
running
running
running
running
running
running
running
running
running
running
running
running
running
running
running
running
running
running
running
running
running
running
running
running
running
running
running
running
running
running
running
running
running
running
running
running
running
running
running
running
running
running
running
running
running
running
running
running
running
running
running
running
running
running
running
running
running
running
running
running
running
running
running
running
running
running
running
running
running
running
running
running
running
running
running
running
running
running
running
running
running
running
running
running
running
running
running
running
running
running
running
running
running
running
running
running
running
running
running
running
running
running
running
running
running
running
running
running
running
running
running
running
running
running
running
running
running
running
running
running
running
running
running
running
running
running
running
running
running
running
running
running
running
running
running
running
running
running
running
running
running
running
running
running
running
running
running
running
running
running
running
running
running
running
running
running
running
running
running
running
running
running
running
running
running
running
running
running
running
running
running
running
running
running
running
running
running
running
running
running
running
running
running
running
running
running
running
running
running
running
running
running
running
running
running
running
running
running
running
running
running
running
running
running
running
running
running
running
running
running
running
running
running
running
running
running
running
running
running
running
running
running
running
running
running
running
running
running
running
running
running
running
running
running
running
running
running
running
running
running
running
running
running
running
running
running
running
running
running
running
running
running
running
running
running
running
running
running
running
running
running
running
running
running
running
running
running
running
running
running
running
running
running
running
running
running
running
running
running
running
running
running
running
running
running
running
running
running
running
running
running
running
running
running
running
running
running
running
running
running
running
running
running
running
running
running
running
running
running
running
running
running
running
running
running
running
running
running
running
running
running
running
running
running
running
running
running
running
running
running
running
running
running
running
running
running
running
running
running
running
running
running
running
running
running
running
running
running
running
running
running
running
running
running
running
running
running
running
running
running
running
running
running
running
running
running
running
running
running
running
running
running
running
running
running
running
running
running
running
running
running
running
running
running
running
running
running
running
running
running
running
running
running
running
running
running
running
running
running
running
running
running
running
running
running
running
running
running
running
running
running
running
running
running
running
running
running
running
running
running
running
running
running
running
running
running
running
running
running
running
running
running
running
running
running
running
running
running
running
running
running
running
running
running
running
running
running
running
running
running
running
running
running
running
running
running
running
running
running
running
running
running
running
running
running
running
running
running
running
running
running
running
running
running
running
running
running
running
running
running
running
running
running
running
running
running
running
running
running
running
running
running
running
running
running
running
running
running
running
running
running
running
running
running
running
running
running
running
running
running
running
A user connected, Time is Mon Mar 02 2020 10:59:27 GMT+0800 (CST), Socket is R3S_SHs83UzCtzKYAAAz
User disconnected, Socket is R3S_SHs83UzCtzKYAAAz
running
A user connected, Time is Mon Mar 02 2020 11:01:37 GMT+0800 (CST), Socket is 6RY7khonoOjML_EFAAA0
running
running
running
User disconnected, Socket is 6RY7khonoOjML_EFAAA0
running
running
running
running
running
running
running
running
running
running
running
running
running
running
running
running
running
running
running
running
running
running
running
running
running
running
running
running
running
running
running
running
running
running
running
running
running
running
running
running
running
running
running
running
running
running
running
running
running
running
running
running
running
running
running
running
running
running
running
running
running
running
running
running
running
running
running
running
running
running
running
running
running
running
running
running
running
running
running
running
running
running
running
running
running
running
running
running
running
running
A user connected, Time is Mon Mar 02 2020 14:15:54 GMT+0800 (CST), Socket is svcD_GHdXhAkXnBeAAA1
User disconnected, Socket is svcD_GHdXhAkXnBeAAA1
running
running
running
running
running
running
running
running
running
running
running
running
running
running
running
running
running
running
running
running
running
running
running
running
running
running
running
running
running
running
running
running
running
running
running
running
running
running
running
running
running
running
running
running
running
running
running
running
running
running
running
running
running
running
running
running
running
running
running
running
running
running
running
running
running
running
running
running
running
running
running
running
running
running
running
running
running
A user connected, Time is Mon Mar 02 2020 16:56:38 GMT+0800 (CST), Socket is KcyU_AbJSQ31CKHpAAA2
User disconnected, Socket is KcyU_AbJSQ31CKHpAAA2
running
A user connected, Time is Mon Mar 02 2020 16:59:22 GMT+0800 (CST), Socket is JDjv8KkYovd-1pL9AAA3
User disconnected, Socket is JDjv8KkYovd-1pL9AAA3
running
